<?xml version="1.0" encoding="UTF-8"?>
<!-- Generated by org.testng.reporters.JUnitXMLReporter -->
<testsuite ignored="0" hostname="V-LT-CHRP005" failures="1" tests="46" name="Default test" time="44.412" errors="0" timestamp="2026-07-01T17:26:53 IST">
  <testcase classname="indus.tests.AdminPortalTest" name="login" time="6.437"/>
  <testcase classname="indus.tests.AdminPortalTest" name="department_Menu_Validations" time="0.062"/>
  <testcase classname="indus.tests.AdminPortalTest" name="department_Navigation_Validations" time="0.498"/>
  <testcase classname="indus.tests.AdminPortalTest" name="department_Add_Popup" time="0.736"/>
  <testcase classname="indus.tests.AdminPortalTest" name="department_Creation" time="0.104"/>
  <testcase classname="indus.tests.AdminPortalTest" name="department_Appears_In_Table" time="0.08">
    <failure type="java.lang.AssertionError" message="The following asserts failed:
	Department Already exists in the Table expected [false] but found [true]">
      <![CDATA[java.lang.AssertionError: The following asserts failed:
Department Already exists in the Table expected [false] but found [true]
at org.testng.asserts.SoftAssert.assertAll(SoftAssert.java:46)
at org.testng.asserts.SoftAssert.assertAll(SoftAssert.java:30)
at indus.tests.AdminPortalTest.department_Appears_In_Table(AdminPortalTest.java:114)
at java.base/jdk.internal.reflect.DirectMethodHandleAccessor.invoke(DirectMethodHandleAccessor.java:103)
at java.base/java.lang.reflect.Method.invoke(Method.java:580)
at org.testng.internal.invokers.MethodInvocationHelper.invokeMethod(MethodInvocationHelper.java:141)
at org.testng.internal.invokers.TestInvoker.invokeMethod(TestInvoker.java:687)
at org.testng.internal.invokers.TestInvoker.invokeTestMethod(TestInvoker.java:230)
at org.testng.internal.invokers.MethodRunner.runInSequence(MethodRunner.java:63)
at org.testng.internal.invokers.TestInvoker$MethodInvocationAgent.invoke(TestInvoker.java:995)
at org.testng.internal.invokers.TestInvoker.invokeTestMethods(TestInvoker.java:203)
at org.testng.internal.invokers.TestMethodWorker.invokeTestMethods(TestMethodWorker.java:154)
at org.testng.internal.invokers.TestMethodWorker.run(TestMethodWorker.java:134)
at java.base/java.util.ArrayList.forEach(ArrayList.java:1596)
at org.testng.TestRunner.privateRun(TestRunner.java:741)
at org.testng.TestRunner.run(TestRunner.java:616)
at org.testng.SuiteRunner.runTest(SuiteRunner.java:421)
at org.testng.SuiteRunner.runSequentially(SuiteRunner.java:413)
at org.testng.SuiteRunner.privateRun(SuiteRunner.java:373)
at org.testng.SuiteRunner.run(SuiteRunner.java:312)
at org.testng.SuiteRunnerWorker.runSuite(SuiteRunnerWorker.java:52)
at org.testng.SuiteRunnerWorker.run(SuiteRunnerWorker.java:95)
at org.testng.TestNG.runSuitesSequentially(TestNG.java:1274)
at org.testng.TestNG.runSuitesLocally(TestNG.java:1208)
at org.testng.TestNG.runSuites(TestNG.java:1112)
at org.testng.TestNG.run(TestNG.java:1079)
at org.testng.remote.AbstractRemoteTestNG.run(AbstractRemoteTestNG.java:115)
at org.testng.remote.RemoteTestNG.initAndRun(RemoteTestNG.java:293)
at org.testng.remote.RemoteTestNG.main(RemoteTestNG.java:91)
]]>
    </failure>
  </testcase> <!-- department_Appears_In_Table -->
  <testcase classname="indus.tests.AdminPortalTest" name="designation_Menu_Validations" time="0.042"/>
  <testcase classname="indus.tests.AdminPortalTest" name="designation_Navigation_Validations" time="0.406"/>
  <testcase classname="indus.tests.AdminPortalTest" name="designation_Add_Popup" time="0.68"/>
  <testcase classname="indus.tests.AdminPortalTest" name="designation_Creation" time="0.1"/>
  <testcase classname="indus.tests.AdminPortalTest" name="designation_Appears_In_Table" time="0.066"/>
  <testcase classname="indus.tests.AdminPortalTest" name="tower_Type_Menu_Validations" time="0.037"/>
  <testcase classname="indus.tests.AdminPortalTest" name="tower_Type_Navigation_Validations" time="0.461"/>
  <testcase classname="indus.tests.AdminPortalTest" name="tower_Type_Add_Popup" time="0.707"/>
  <testcase classname="indus.tests.AdminPortalTest" name="tower_Type_Creation" time="0.036"/>
  <testcase classname="indus.tests.AdminPortalTest" name="tower_Type_Appears_In_Table" time="0.032"/>
  <testcase classname="indus.tests.AdminPortalTest" name="national_Menu_Validations" time="0.035"/>
  <testcase classname="indus.tests.AdminPortalTest" name="national_Navigation_Validations" time="0.52"/>
  <testcase classname="indus.tests.AdminPortalTest" name="national_Add_Popup" time="0.675"/>
  <testcase classname="indus.tests.AdminPortalTest" name="national_Creation" time="0.035"/>
  <testcase classname="indus.tests.AdminPortalTest" name="national_Appears_In_Table" time="0.032"/>
  <testcase classname="indus.tests.AdminPortalTest" name="circle_Menu_Validations" time="0.031"/>
  <testcase classname="indus.tests.AdminPortalTest" name="circle_Navigation_Validations" time="0.463"/>
  <testcase classname="indus.tests.AdminPortalTest" name="circle_Add_Popup" time="0.67"/>
  <testcase classname="indus.tests.AdminPortalTest" name="circle_Creation" time="1.125"/>
  <testcase classname="indus.tests.AdminPortalTest" name="circle_Creation" time="1.277"/>
  <testcase classname="indus.tests.AdminPortalTest" name="circle_Appears_In_Table" time="0.089"/>
  <testcase classname="indus.tests.AdminPortalTest" name="cluster_Menu_Validations" time="0.081"/>
  <testcase classname="indus.tests.AdminPortalTest" name="cluster_Navigation_Validations" time="0.494"/>
  <testcase classname="indus.tests.AdminPortalTest" name="cluster_Add_Popup" time="0.732"/>
  <testcase classname="indus.tests.AdminPortalTest" name="cluster_Creation" time="1.855"/>
  <testcase classname="indus.tests.AdminPortalTest" name="cluster_Creation" time="1.873"/>
  <testcase classname="indus.tests.AdminPortalTest" name="cluster_Appears_In_Table" time="0.066"/>
  <testcase classname="indus.tests.AdminPortalTest" name="district_Menu_Validations" time="0.06"/>
  <testcase classname="indus.tests.AdminPortalTest" name="district_Navigation_Validations" time="0.502"/>
  <testcase classname="indus.tests.AdminPortalTest" name="district_Add_Popup" time="0.742"/>
  <testcase classname="indus.tests.AdminPortalTest" name="district_Creation" time="2.371"/>
  <testcase classname="indus.tests.AdminPortalTest" name="district_Creation" time="2.353"/>
  <testcase classname="indus.tests.AdminPortalTest" name="district_Appears_In_Table" time="0.055"/>
  <testcase classname="indus.tests.AdminPortalTest" name="site_Menu_Validations" time="0.049"/>
  <testcase classname="indus.tests.AdminPortalTest" name="site_Navigation_Validations" time="0.474"/>
  <testcase classname="indus.tests.AdminPortalTest" name="site_Add_Popup" time="0.767"/>
  <testcase classname="indus.tests.AdminPortalTest" name="site_Creation" time="2.915"/>
  <testcase classname="indus.tests.AdminPortalTest" name="site_Creation" time="2.815"/>
  <testcase classname="indus.tests.AdminPortalTest" name="site_Appears_In_Table" time="0.065"/>
  <testcase classname="indus.tests.AdminPortalTest" name="logout_from_Portal" time="1.414"/>
</testsuite> <!-- Default test -->
