<?xml version="1.0" encoding="UTF-8"?>
<!-- Generated by org.testng.reporters.JUnitXMLReporter -->
<testsuite ignored="32" hostname="V-LT-CHRP005" failures="0" tests="14" name="Smoke Tests" time="31.385" errors="0" timestamp="2026-07-01T17:33:41 IST">
  <testcase classname="indus.tests.AdminPortalTest" name="login" time="6.377"/>
  <testcase classname="indus.tests.AdminPortalTest" name="department_Creation" time="0.569"/>
  <testcase classname="indus.tests.AdminPortalTest" name="designation_Creation" time="0.518"/>
  <testcase classname="indus.tests.AdminPortalTest" name="tower_Type_Creation" time="0.516"/>
  <testcase classname="indus.tests.AdminPortalTest" name="national_Creation" time="0.526"/>
  <testcase classname="indus.tests.AdminPortalTest" name="circle_Creation" time="1.271"/>
  <testcase classname="indus.tests.AdminPortalTest" name="circle_Creation" time="1.233"/>
  <testcase classname="indus.tests.AdminPortalTest" name="cluster_Creation" time="1.782"/>
  <testcase classname="indus.tests.AdminPortalTest" name="cluster_Creation" time="1.754"/>
  <testcase classname="indus.tests.AdminPortalTest" name="district_Creation" time="2.207"/>
  <testcase classname="indus.tests.AdminPortalTest" name="district_Creation" time="2.268"/>
  <testcase classname="indus.tests.AdminPortalTest" name="site_Creation" time="2.711"/>
  <testcase classname="indus.tests.AdminPortalTest" name="site_Creation" time="2.785"/>
  <testcase classname="indus.tests.AdminPortalTest" name="logout_from_Portal" time="1.366"/>
  <testcase classname="indus.tests.AdminPortalTest" name="national_Menu_Validations" time="0.0">
    <ignored/>
  </testcase> <!-- national_Menu_Validations -->
  <testcase classname="indus.tests.AdminPortalTest" name="cluster_Add_Popup" time="0.0">
    <ignored/>
  </testcase> <!-- cluster_Add_Popup -->
  <testcase classname="indus.tests.AdminPortalTest" name="site_Navigation_Validations" time="0.0">
    <ignored/>
  </testcase> <!-- site_Navigation_Validations -->
  <testcase classname="indus.tests.AdminPortalTest" name="tower_Type_Add_Popup" time="0.0">
    <ignored/>
  </testcase> <!-- tower_Type_Add_Popup -->
  <testcase classname="indus.tests.AdminPortalTest" name="department_Appears_In_Table" time="0.0">
    <ignored/>
  </testcase> <!-- department_Appears_In_Table -->
  <testcase classname="indus.tests.AdminPortalTest" name="tower_Type_Menu_Validations" time="0.0">
    <ignored/>
  </testcase> <!-- tower_Type_Menu_Validations -->
  <testcase classname="indus.tests.AdminPortalTest" name="site_Menu_Validations" time="0.0">
    <ignored/>
  </testcase> <!-- site_Menu_Validations -->
  <testcase classname="indus.tests.AdminPortalTest" name="department_Menu_Validations" time="0.0">
    <ignored/>
  </testcase> <!-- department_Menu_Validations -->
  <testcase classname="indus.tests.AdminPortalTest" name="national_Add_Popup" time="0.0">
    <ignored/>
  </testcase> <!-- national_Add_Popup -->
  <testcase classname="indus.tests.AdminPortalTest" name="cluster_Menu_Validations" time="0.0">
    <ignored/>
  </testcase> <!-- cluster_Menu_Validations -->
  <testcase classname="indus.tests.AdminPortalTest" name="circle_Add_Popup" time="0.0">
    <ignored/>
  </testcase> <!-- circle_Add_Popup -->
  <testcase classname="indus.tests.AdminPortalTest" name="designation_Menu_Validations" time="0.0">
    <ignored/>
  </testcase> <!-- designation_Menu_Validations -->
  <testcase classname="indus.tests.AdminPortalTest" name="designation_Navigation_Validations" time="0.0">
    <ignored/>
  </testcase> <!-- designation_Navigation_Validations -->
  <testcase classname="indus.tests.AdminPortalTest" name="department_Add_Popup" time="0.0">
    <ignored/>
  </testcase> <!-- department_Add_Popup -->
  <testcase classname="indus.tests.AdminPortalTest" name="district_Add_Popup" time="0.0">
    <ignored/>
  </testcase> <!-- district_Add_Popup -->
  <testcase classname="indus.tests.AdminPortalTest" name="tower_Type_Appears_In_Table" time="0.0">
    <ignored/>
  </testcase> <!-- tower_Type_Appears_In_Table -->
  <testcase classname="indus.tests.AdminPortalTest" name="district_Navigation_Validations" time="0.0">
    <ignored/>
  </testcase> <!-- district_Navigation_Validations -->
  <testcase classname="indus.tests.AdminPortalTest" name="designation_Add_Popup" time="0.0">
    <ignored/>
  </testcase> <!-- designation_Add_Popup -->
  <testcase classname="indus.tests.AdminPortalTest" name="circle_Navigation_Validations" time="0.0">
    <ignored/>
  </testcase> <!-- circle_Navigation_Validations -->
  <testcase classname="indus.tests.AdminPortalTest" name="site_Appears_In_Table" time="0.0">
    <ignored/>
  </testcase> <!-- site_Appears_In_Table -->
  <testcase classname="indus.tests.AdminPortalTest" name="designation_Appears_In_Table" time="0.0">
    <ignored/>
  </testcase> <!-- designation_Appears_In_Table -->
  <testcase classname="indus.tests.AdminPortalTest" name="national_Navigation_Validations" time="0.0">
    <ignored/>
  </testcase> <!-- national_Navigation_Validations -->
  <testcase classname="indus.tests.AdminPortalTest" name="department_Navigation_Validations" time="0.0">
    <ignored/>
  </testcase> <!-- department_Navigation_Validations -->
  <testcase classname="indus.tests.AdminPortalTest" name="national_Appears_In_Table" time="0.0">
    <ignored/>
  </testcase> <!-- national_Appears_In_Table -->
  <testcase classname="indus.tests.AdminPortalTest" name="cluster_Appears_In_Table" time="0.0">
    <ignored/>
  </testcase> <!-- cluster_Appears_In_Table -->
  <testcase classname="indus.tests.AdminPortalTest" name="site_Add_Popup" time="0.0">
    <ignored/>
  </testcase> <!-- site_Add_Popup -->
  <testcase classname="indus.tests.AdminPortalTest" name="district_Menu_Validations" time="0.0">
    <ignored/>
  </testcase> <!-- district_Menu_Validations -->
  <testcase classname="indus.tests.AdminPortalTest" name="circle_Appears_In_Table" time="0.0">
    <ignored/>
  </testcase> <!-- circle_Appears_In_Table -->
  <testcase classname="indus.tests.AdminPortalTest" name="cluster_Navigation_Validations" time="0.0">
    <ignored/>
  </testcase> <!-- cluster_Navigation_Validations -->
  <testcase classname="indus.tests.AdminPortalTest" name="tower_Type_Navigation_Validations" time="0.0">
    <ignored/>
  </testcase> <!-- tower_Type_Navigation_Validations -->
  <testcase classname="indus.tests.AdminPortalTest" name="district_Appears_In_Table" time="0.0">
    <ignored/>
  </testcase> <!-- district_Appears_In_Table -->
  <testcase classname="indus.tests.AdminPortalTest" name="circle_Menu_Validations" time="0.0">
    <ignored/>
  </testcase> <!-- circle_Menu_Validations -->
</testsuite> <!-- Smoke Tests -->
