<?xml version="1.0" encoding="UTF-8"?>
<testng-results ignored="32" total="46" passed="14" failed="0" skipped="0">
  <reporter-output>
  </reporter-output>
  <suite started-at="2026-07-01T17:33:10 IST" name="Smoke Suite" finished-at="2026-07-01T17:33:41 IST" duration-ms="31385">
    <groups>
      <group name="Regression">
        <method signature="AdminPortalTest.login()[pri:1, instance:indus.tests.AdminPortalTest@24c22fe]" name="login" class="indus.tests.AdminPortalTest"/>
        <method signature="AdminPortalTest.department_Creation(indus.pojo.DepartmentData)[pri:5, instance:indus.tests.AdminPortalTest@24c22fe]" name="department_Creation" class="indus.tests.AdminPortalTest"/>
        <method signature="AdminPortalTest.designation_Creation(indus.pojo.DesignationData)[pri:10, instance:indus.tests.AdminPortalTest@24c22fe]" name="designation_Creation" class="indus.tests.AdminPortalTest"/>
        <method signature="AdminPortalTest.tower_Type_Creation(indus.pojo.TowerTypeData)[pri:15, instance:indus.tests.AdminPortalTest@24c22fe]" name="tower_Type_Creation" class="indus.tests.AdminPortalTest"/>
        <method signature="AdminPortalTest.national_Creation(indus.pojo.NationalData)[pri:20, instance:indus.tests.AdminPortalTest@24c22fe]" name="national_Creation" class="indus.tests.AdminPortalTest"/>
        <method signature="AdminPortalTest.circle_Creation(indus.pojo.CircleData)[pri:25, instance:indus.tests.AdminPortalTest@24c22fe]" name="circle_Creation" class="indus.tests.AdminPortalTest"/>
        <method signature="AdminPortalTest.cluster_Creation(indus.pojo.CircleData)[pri:30, instance:indus.tests.AdminPortalTest@24c22fe]" name="cluster_Creation" class="indus.tests.AdminPortalTest"/>
        <method signature="AdminPortalTest.district_Creation(indus.pojo.ClusterData)[pri:35, instance:indus.tests.AdminPortalTest@24c22fe]" name="district_Creation" class="indus.tests.AdminPortalTest"/>
        <method signature="AdminPortalTest.site_Creation(indus.pojo.DistrictData)[pri:40, instance:indus.tests.AdminPortalTest@24c22fe]" name="site_Creation" class="indus.tests.AdminPortalTest"/>
        <method signature="AdminPortalTest.logout_from_Portal()[pri:42, instance:indus.tests.AdminPortalTest@24c22fe]" name="logout_from_Portal" class="indus.tests.AdminPortalTest"/>
      </group> <!-- Regression -->
      <group name="Smoke">
        <method signature="AdminPortalTest.login()[pri:1, instance:indus.tests.AdminPortalTest@24c22fe]" name="login" class="indus.tests.AdminPortalTest"/>
        <method signature="AdminPortalTest.department_Creation(indus.pojo.DepartmentData)[pri:5, instance:indus.tests.AdminPortalTest@24c22fe]" name="department_Creation" class="indus.tests.AdminPortalTest"/>
        <method signature="AdminPortalTest.designation_Creation(indus.pojo.DesignationData)[pri:10, instance:indus.tests.AdminPortalTest@24c22fe]" name="designation_Creation" class="indus.tests.AdminPortalTest"/>
        <method signature="AdminPortalTest.tower_Type_Creation(indus.pojo.TowerTypeData)[pri:15, instance:indus.tests.AdminPortalTest@24c22fe]" name="tower_Type_Creation" class="indus.tests.AdminPortalTest"/>
        <method signature="AdminPortalTest.national_Creation(indus.pojo.NationalData)[pri:20, instance:indus.tests.AdminPortalTest@24c22fe]" name="national_Creation" class="indus.tests.AdminPortalTest"/>
        <method signature="AdminPortalTest.circle_Creation(indus.pojo.CircleData)[pri:25, instance:indus.tests.AdminPortalTest@24c22fe]" name="circle_Creation" class="indus.tests.AdminPortalTest"/>
        <method signature="AdminPortalTest.cluster_Creation(indus.pojo.CircleData)[pri:30, instance:indus.tests.AdminPortalTest@24c22fe]" name="cluster_Creation" class="indus.tests.AdminPortalTest"/>
        <method signature="AdminPortalTest.district_Creation(indus.pojo.ClusterData)[pri:35, instance:indus.tests.AdminPortalTest@24c22fe]" name="district_Creation" class="indus.tests.AdminPortalTest"/>
        <method signature="AdminPortalTest.site_Creation(indus.pojo.DistrictData)[pri:40, instance:indus.tests.AdminPortalTest@24c22fe]" name="site_Creation" class="indus.tests.AdminPortalTest"/>
        <method signature="AdminPortalTest.logout_from_Portal()[pri:42, instance:indus.tests.AdminPortalTest@24c22fe]" name="logout_from_Portal" class="indus.tests.AdminPortalTest"/>
      </group> <!-- Smoke -->
    </groups>
    <test started-at="2026-07-01T17:33:10 IST" name="Smoke Tests" finished-at="2026-07-01T17:33:41 IST" duration-ms="31385">
      <class name="indus.tests.AdminPortalTest">
        <test-method is-config="true" signature="setup()[pri:0, instance:indus.tests.AdminPortalTest@24c22fe]" started-at="2026-07-01T17:33:10 IST" name="setup" finished-at="2026-07-01T17:33:13 IST" duration-ms="2910" status="PASS">
          <reporter-output>
          </reporter-output>
        </test-method> <!-- setup -->
        <test-method is-config="true" signature="setUp()[pri:0, instance:indus.tests.AdminPortalTest@24c22fe]" started-at="2026-07-01T17:33:13 IST" name="setUp" finished-at="2026-07-01T17:33:13 IST" duration-ms="2" status="PASS">
          <reporter-output>
          </reporter-output>
        </test-method> <!-- setUp -->
        <test-method signature="login()[pri:1, instance:indus.tests.AdminPortalTest@24c22fe]" started-at="2026-07-01T17:33:13 IST" name="login" finished-at="2026-07-01T17:33:19 IST" duration-ms="6377" status="PASS">
          <reporter-output>
          </reporter-output>
        </test-method> <!-- login -->
        <test-method is-config="true" signature="setUp()[pri:0, instance:indus.tests.AdminPortalTest@24c22fe]" started-at="2026-07-01T17:33:19 IST" name="setUp" finished-at="2026-07-01T17:33:19 IST" duration-ms="1" status="PASS">
          <reporter-output>
          </reporter-output>
        </test-method> <!-- setUp -->
        <test-method signature="department_Creation(indus.pojo.DepartmentData)[pri:5, instance:indus.tests.AdminPortalTest@24c22fe]" started-at="2026-07-01T17:33:19 IST" name="department_Creation" data-provider="departmentHierarchy" finished-at="2026-07-01T17:33:20 IST" duration-ms="569" status="PASS">
          <params>
            <param index="0">
              <value>
                <![CDATA[indus.pojo.DepartmentData@6dee8ae6]]>
              </value>
            </param>
          </params>
          <reporter-output>
          </reporter-output>
        </test-method> <!-- department_Creation -->
        <test-method signature="designation_Creation(indus.pojo.DesignationData)[pri:10, instance:indus.tests.AdminPortalTest@24c22fe]" started-at="2026-07-01T17:33:20 IST" name="designation_Creation" data-provider="designationHierarchy" finished-at="2026-07-01T17:33:21 IST" duration-ms="518" status="PASS">
          <params>
            <param index="0">
              <value>
                <![CDATA[indus.pojo.DesignationData@234c5e41]]>
              </value>
            </param>
          </params>
          <reporter-output>
          </reporter-output>
        </test-method> <!-- designation_Creation -->
        <test-method is-config="true" signature="setUp()[pri:0, instance:indus.tests.AdminPortalTest@24c22fe]" started-at="2026-07-01T17:33:20 IST" name="setUp" finished-at="2026-07-01T17:33:20 IST" duration-ms="0" status="PASS">
          <reporter-output>
          </reporter-output>
        </test-method> <!-- setUp -->
        <test-method is-config="true" signature="setUp()[pri:0, instance:indus.tests.AdminPortalTest@24c22fe]" started-at="2026-07-01T17:33:21 IST" name="setUp" finished-at="2026-07-01T17:33:21 IST" duration-ms="0" status="PASS">
          <reporter-output>
          </reporter-output>
        </test-method> <!-- setUp -->
        <test-method signature="tower_Type_Creation(indus.pojo.TowerTypeData)[pri:15, instance:indus.tests.AdminPortalTest@24c22fe]" started-at="2026-07-01T17:33:21 IST" name="tower_Type_Creation" data-provider="towerTypeHierarchy" finished-at="2026-07-01T17:33:21 IST" duration-ms="516" status="PASS">
          <params>
            <param index="0">
              <value>
                <![CDATA[indus.pojo.TowerTypeData@2a8a3ada]]>
              </value>
            </param>
          </params>
          <reporter-output>
          </reporter-output>
        </test-method> <!-- tower_Type_Creation -->
        <test-method is-config="true" signature="setUp()[pri:0, instance:indus.tests.AdminPortalTest@24c22fe]" started-at="2026-07-01T17:33:21 IST" name="setUp" finished-at="2026-07-01T17:33:21 IST" duration-ms="1" status="PASS">
          <reporter-output>
          </reporter-output>
        </test-method> <!-- setUp -->
        <test-method signature="national_Creation(indus.pojo.NationalData)[pri:20, instance:indus.tests.AdminPortalTest@24c22fe]" started-at="2026-07-01T17:33:21 IST" name="national_Creation" data-provider="nationalDataProvider" finished-at="2026-07-01T17:33:22 IST" duration-ms="526" status="PASS">
          <params>
            <param index="0">
              <value>
                <![CDATA[indus.pojo.NationalData@35d60381]]>
              </value>
            </param>
          </params>
          <reporter-output>
          </reporter-output>
        </test-method> <!-- national_Creation -->
        <test-method signature="circle_Creation(indus.pojo.CircleData)[pri:25, instance:indus.tests.AdminPortalTest@24c22fe]" started-at="2026-07-01T17:33:22 IST" name="circle_Creation" data-provider="circleDataProvider" finished-at="2026-07-01T17:33:23 IST" duration-ms="1271" status="PASS">
          <params>
            <param index="0">
              <value>
                <![CDATA[indus.pojo.CircleData@3a7b2e2]]>
              </value>
            </param>
          </params>
          <reporter-output>
          </reporter-output>
        </test-method> <!-- circle_Creation -->
        <test-method is-config="true" signature="setUp()[pri:0, instance:indus.tests.AdminPortalTest@24c22fe]" started-at="2026-07-01T17:33:22 IST" name="setUp" finished-at="2026-07-01T17:33:22 IST" duration-ms="0" status="PASS">
          <reporter-output>
          </reporter-output>
        </test-method> <!-- setUp -->
        <test-method signature="circle_Creation(indus.pojo.CircleData)[pri:25, instance:indus.tests.AdminPortalTest@24c22fe]" started-at="2026-07-01T17:33:23 IST" name="circle_Creation" data-provider="circleDataProvider" finished-at="2026-07-01T17:33:25 IST" duration-ms="1233" status="PASS">
          <params>
            <param index="0">
              <value>
                <![CDATA[indus.pojo.CircleData@7d42404e]]>
              </value>
            </param>
          </params>
          <reporter-output>
          </reporter-output>
        </test-method> <!-- circle_Creation -->
        <test-method is-config="true" signature="setUp()[pri:0, instance:indus.tests.AdminPortalTest@24c22fe]" started-at="2026-07-01T17:33:23 IST" name="setUp" finished-at="2026-07-01T17:33:23 IST" duration-ms="0" status="PASS">
          <reporter-output>
          </reporter-output>
        </test-method> <!-- setUp -->
        <test-method signature="cluster_Creation(indus.pojo.CircleData)[pri:30, instance:indus.tests.AdminPortalTest@24c22fe]" started-at="2026-07-01T17:33:25 IST" name="cluster_Creation" data-provider="clusterDataProvider" finished-at="2026-07-01T17:33:26 IST" duration-ms="1782" status="PASS">
          <params>
            <param index="0">
              <value>
                <![CDATA[indus.pojo.CircleData@10f477e2]]>
              </value>
            </param>
          </params>
          <reporter-output>
          </reporter-output>
        </test-method> <!-- cluster_Creation -->
        <test-method is-config="true" signature="setUp()[pri:0, instance:indus.tests.AdminPortalTest@24c22fe]" started-at="2026-07-01T17:33:25 IST" name="setUp" finished-at="2026-07-01T17:33:25 IST" duration-ms="0" status="PASS">
          <reporter-output>
          </reporter-output>
        </test-method> <!-- setUp -->
        <test-method signature="cluster_Creation(indus.pojo.CircleData)[pri:30, instance:indus.tests.AdminPortalTest@24c22fe]" started-at="2026-07-01T17:33:27 IST" name="cluster_Creation" data-provider="clusterDataProvider" finished-at="2026-07-01T17:33:28 IST" duration-ms="1754" status="PASS">
          <params>
            <param index="0">
              <value>
                <![CDATA[indus.pojo.CircleData@491f8831]]>
              </value>
            </param>
          </params>
          <reporter-output>
          </reporter-output>
        </test-method> <!-- cluster_Creation -->
        <test-method is-config="true" signature="setUp()[pri:0, instance:indus.tests.AdminPortalTest@24c22fe]" started-at="2026-07-01T17:33:27 IST" name="setUp" finished-at="2026-07-01T17:33:27 IST" duration-ms="0" status="PASS">
          <reporter-output>
          </reporter-output>
        </test-method> <!-- setUp -->
        <test-method is-config="true" signature="setUp()[pri:0, instance:indus.tests.AdminPortalTest@24c22fe]" started-at="2026-07-01T17:33:28 IST" name="setUp" finished-at="2026-07-01T17:33:28 IST" duration-ms="2" status="PASS">
          <reporter-output>
          </reporter-output>
        </test-method> <!-- setUp -->
        <test-method signature="district_Creation(indus.pojo.ClusterData)[pri:35, instance:indus.tests.AdminPortalTest@24c22fe]" started-at="2026-07-01T17:33:28 IST" name="district_Creation" data-provider="districtDataProvider" finished-at="2026-07-01T17:33:31 IST" duration-ms="2207" status="PASS">
          <params>
            <param index="0">
              <value>
                <![CDATA[indus.pojo.ClusterData@7d0cd23c]]>
              </value>
            </param>
          </params>
          <reporter-output>
          </reporter-output>
        </test-method> <!-- district_Creation -->
        <test-method is-config="true" signature="setUp()[pri:0, instance:indus.tests.AdminPortalTest@24c22fe]" started-at="2026-07-01T17:33:31 IST" name="setUp" finished-at="2026-07-01T17:33:31 IST" duration-ms="1" status="PASS">
          <reporter-output>
          </reporter-output>
        </test-method> <!-- setUp -->
        <test-method signature="district_Creation(indus.pojo.ClusterData)[pri:35, instance:indus.tests.AdminPortalTest@24c22fe]" started-at="2026-07-01T17:33:31 IST" name="district_Creation" data-provider="districtDataProvider" finished-at="2026-07-01T17:33:33 IST" duration-ms="2268" status="PASS">
          <params>
            <param index="0">
              <value>
                <![CDATA[indus.pojo.ClusterData@4cc8d70d]]>
              </value>
            </param>
          </params>
          <reporter-output>
          </reporter-output>
        </test-method> <!-- district_Creation -->
        <test-method is-config="true" signature="setUp()[pri:0, instance:indus.tests.AdminPortalTest@24c22fe]" started-at="2026-07-01T17:33:33 IST" name="setUp" finished-at="2026-07-01T17:33:33 IST" duration-ms="1" status="PASS">
          <reporter-output>
          </reporter-output>
        </test-method> <!-- setUp -->
        <test-method signature="site_Creation(indus.pojo.DistrictData)[pri:40, instance:indus.tests.AdminPortalTest@24c22fe]" started-at="2026-07-01T17:33:33 IST" name="site_Creation" data-provider="siteDataProvider" finished-at="2026-07-01T17:33:36 IST" duration-ms="2711" status="PASS">
          <params>
            <param index="0">
              <value>
                <![CDATA[indus.pojo.DistrictData@5323999f]]>
              </value>
            </param>
          </params>
          <reporter-output>
          </reporter-output>
        </test-method> <!-- site_Creation -->
        <test-method is-config="true" signature="setUp()[pri:0, instance:indus.tests.AdminPortalTest@24c22fe]" started-at="2026-07-01T17:33:36 IST" name="setUp" finished-at="2026-07-01T17:33:36 IST" duration-ms="1" status="PASS">
          <reporter-output>
          </reporter-output>
        </test-method> <!-- setUp -->
        <test-method signature="site_Creation(indus.pojo.DistrictData)[pri:40, instance:indus.tests.AdminPortalTest@24c22fe]" started-at="2026-07-01T17:33:36 IST" name="site_Creation" data-provider="siteDataProvider" finished-at="2026-07-01T17:33:39 IST" duration-ms="2785" status="PASS">
          <params>
            <param index="0">
              <value>
                <![CDATA[indus.pojo.DistrictData@64dfb31d]]>
              </value>
            </param>
          </params>
          <reporter-output>
          </reporter-output>
        </test-method> <!-- site_Creation -->
        <test-method is-config="true" signature="setUp()[pri:0, instance:indus.tests.AdminPortalTest@24c22fe]" started-at="2026-07-01T17:33:39 IST" name="setUp" finished-at="2026-07-01T17:33:39 IST" duration-ms="1" status="PASS">
          <reporter-output>
          </reporter-output>
        </test-method> <!-- setUp -->
        <test-method signature="logout_from_Portal()[pri:42, instance:indus.tests.AdminPortalTest@24c22fe]" started-at="2026-07-01T17:33:39 IST" name="logout_from_Portal" finished-at="2026-07-01T17:33:40 IST" duration-ms="1366" status="PASS">
          <reporter-output>
          </reporter-output>
        </test-method> <!-- logout_from_Portal -->
        <test-method is-config="true" signature="tearDownSuite()[pri:0, instance:indus.tests.AdminPortalTest@24c22fe]" started-at="2026-07-01T17:33:41 IST" name="tearDownSuite" finished-at="2026-07-01T17:33:41 IST" duration-ms="689" status="PASS">
          <reporter-output>
          </reporter-output>
        </test-method> <!-- tearDownSuite -->
      </class> <!-- indus.tests.AdminPortalTest -->
    </test> <!-- Smoke Tests -->
  </suite> <!-- Smoke Suite -->
</testng-results>
