<?xml version="1.0" encoding="UTF-8"?>
<!-- Generated by org.testng.reporters.JUnitReportReporter -->
<testsuite hostname="V-LT-CHRP005" failures="0" tests="14" name="indus.tests.AdminPortalTest" time="25.893" errors="0" timestamp="2026-07-01T17:33:41 IST" skipped="0">
  <testcase classname="indus.tests.AdminPortalTest" name="login" time="6.377"/>
  <testcase classname="indus.tests.AdminPortalTest" name="department_Creation" time="0.571"/>
  <testcase classname="indus.tests.AdminPortalTest" name="designation_Creation" time="0.518"/>
  <testcase classname="indus.tests.AdminPortalTest" name="tower_Type_Creation" time="0.517"/>
  <testcase classname="indus.tests.AdminPortalTest" name="national_Creation" time="0.527"/>
  <testcase classname="indus.tests.AdminPortalTest" name="circle_Creation" time="1.273"/>
  <testcase classname="indus.tests.AdminPortalTest" name="circle_Creation" time="1.234"/>
  <testcase classname="indus.tests.AdminPortalTest" name="cluster_Creation" time="1.755"/>
  <testcase classname="indus.tests.AdminPortalTest" name="cluster_Creation" time="1.783"/>
  <testcase classname="indus.tests.AdminPortalTest" name="district_Creation" time="2.207"/>
  <testcase classname="indus.tests.AdminPortalTest" name="district_Creation" time="2.269"/>
  <testcase classname="indus.tests.AdminPortalTest" name="site_Creation" time="2.711"/>
  <testcase classname="indus.tests.AdminPortalTest" name="site_Creation" time="2.785"/>
  <testcase classname="indus.tests.AdminPortalTest" name="logout_from_Portal" time="1.366"/>
</testsuite> <!-- indus.tests.AdminPortalTest -->
